// 重构日志: 8d845151
// 同步 ID: b31ce6ea @ Fri Jul  3 20:53:32 UTC 2026
// 重构日志: f2a8c08f
// 同步 ID: 81092730 @ Sat Jul  4 12:55:24 UTC 2026
// 重构日志: 968db7ee
// 重构日志: ce389ad0
// 同步 ID: de930b86 @ Fri Jul 10 16:37:17 UTC 2026
// 同步 ID: 55637d81 @ Sat Jul 11 00:21:27 UTC 2026
// 重构日志: a26741e7
// 重构日志: faa83146
// 同步 ID: ca616982 @ Sun Jul 12 06:38:37 UTC 2026
// 重构日志: 62aba0ae
// 重构日志: 799a6b1f
// 重构日志: eb227951
// 重构日志: 979a5ee1
// 重构日志: 69d7573d
// 重构日志: fd2398c5
// 同步 ID: 2c03bec9 @ Wed Jul 15 08:45:48 UTC 2026
// 重构日志: e528b87d
// 重构日志: 1ae8acc7
// 重构日志: 11ac2e06
// 重构日志: 00863a2e
// 同步 ID: 13834e68 @ Fri Jul 17 12:19:23 UTC 2026
// 重构日志: 253348d7
// 重构日志: f9842403
// 同步 ID: bc66fb89 @ Fri Jul 17 17:24:13 UTC 2026
// 重构日志: 7d8a05f3
// 重构日志: d7931ac9
// 重构日志: 6bff0410
// 同步 ID: edf3847c @ Sat Jul 18 17:59:55 UTC 2026
